mode: set
github.com/ashparshp/bookings/cmd/web/main.go:22.13,24.16 2 0
github.com/ashparshp/bookings/cmd/web/main.go:24.16,26.3 1 0
github.com/ashparshp/bookings/cmd/web/main.go:33.2,47.16 4 0
github.com/ashparshp/bookings/cmd/web/main.go:50.18,66.16 10 1
github.com/ashparshp/bookings/cmd/web/main.go:66.16,69.3 2 0
github.com/ashparshp/bookings/cmd/web/main.go:71.2,79.12 6 1
github.com/ashparshp/bookings/cmd/web/middleware.go:10.45,20.2 3 1
github.com/ashparshp/bookings/cmd/web/middleware.go:23.50,25.2 1 1
github.com/ashparshp/bookings/cmd/web/routes.go:13.47,45.2 18 1
