mode: set
github.com/ashparshp/bookings/internal/handlers/handlers.go:31.62,36.2 1 0
github.com/ashparshp/bookings/internal/handlers/handlers.go:39.51,44.2 1 1
github.com/ashparshp/bookings/internal/handlers/handlers.go:47.33,49.2 1 1
github.com/ashparshp/bookings/internal/handlers/handlers.go:52.72,54.2 1 0
github.com/ashparshp/bookings/internal/handlers/handlers.go:57.73,60.2 1 0
github.com/ashparshp/bookings/internal/handlers/handlers.go:63.79,65.9 2 1
github.com/ashparshp/bookings/internal/handlers/handlers.go:65.9,69.3 3 1
github.com/ashparshp/bookings/internal/handlers/handlers.go:71.2,72.16 2 1
github.com/ashparshp/bookings/internal/handlers/handlers.go:72.16,76.3 3 0
github.com/ashparshp/bookings/internal/handlers/handlers.go:78.2,96.4 10 1
github.com/ashparshp/bookings/internal/handlers/handlers.go:100.83,103.9 2 0
github.com/ashparshp/bookings/internal/handlers/handlers.go:103.9,106.3 2 0
github.com/ashparshp/bookings/internal/handlers/handlers.go:108.2,109.16 2 0
github.com/ashparshp/bookings/internal/handlers/handlers.go:109.16,112.3 2 0
github.com/ashparshp/bookings/internal/handlers/handlers.go:138.2,161.19 9 0
github.com/ashparshp/bookings/internal/handlers/handlers.go:161.19,169.3 4 0
github.com/ashparshp/bookings/internal/handlers/handlers.go:171.2,172.16 2 0
github.com/ashparshp/bookings/internal/handlers/handlers.go:172.16,175.3 2 0
github.com/ashparshp/bookings/internal/handlers/handlers.go:177.2,186.16 3 0
github.com/ashparshp/bookings/internal/handlers/handlers.go:186.16,189.3 2 0
github.com/ashparshp/bookings/internal/handlers/handlers.go:191.2,192.66 2 0
github.com/ashparshp/bookings/internal/handlers/handlers.go:196.76,198.2 1 0
github.com/ashparshp/bookings/internal/handlers/handlers.go:201.74,203.2 1 0
github.com/ashparshp/bookings/internal/handlers/handlers.go:206.80,208.2 1 0
github.com/ashparshp/bookings/internal/handlers/handlers.go:211.84,217.16 5 0
github.com/ashparshp/bookings/internal/handlers/handlers.go:217.16,220.3 2 0
github.com/ashparshp/bookings/internal/handlers/handlers.go:222.2,223.16 2 0
github.com/ashparshp/bookings/internal/handlers/handlers.go:223.16,226.3 2 0
github.com/ashparshp/bookings/internal/handlers/handlers.go:228.2,229.16 2 0
github.com/ashparshp/bookings/internal/handlers/handlers.go:229.16,232.3 2 0
github.com/ashparshp/bookings/internal/handlers/handlers.go:234.2,234.21 1 0
github.com/ashparshp/bookings/internal/handlers/handlers.go:234.21,238.3 3 0
github.com/ashparshp/bookings/internal/handlers/handlers.go:240.2,252.4 5 0
github.com/ashparshp/bookings/internal/handlers/handlers.go:264.79,270.16 5 0
github.com/ashparshp/bookings/internal/handlers/handlers.go:270.16,273.3 2 0
github.com/ashparshp/bookings/internal/handlers/handlers.go:274.2,275.16 2 0
github.com/ashparshp/bookings/internal/handlers/handlers.go:275.16,278.3 2 0
github.com/ashparshp/bookings/internal/handlers/handlers.go:280.2,281.16 2 0
github.com/ashparshp/bookings/internal/handlers/handlers.go:281.16,284.3 2 0
github.com/ashparshp/bookings/internal/handlers/handlers.go:286.2,287.16 2 0
github.com/ashparshp/bookings/internal/handlers/handlers.go:287.16,290.3 2 0
github.com/ashparshp/bookings/internal/handlers/handlers.go:292.2,301.16 3 0
github.com/ashparshp/bookings/internal/handlers/handlers.go:301.16,304.3 2 0
github.com/ashparshp/bookings/internal/handlers/handlers.go:306.2,307.14 2 0
github.com/ashparshp/bookings/internal/handlers/handlers.go:311.75,313.2 1 0
github.com/ashparshp/bookings/internal/handlers/handlers.go:316.86,318.9 2 0
github.com/ashparshp/bookings/internal/handlers/handlers.go:318.9,323.3 4 0
github.com/ashparshp/bookings/internal/handlers/handlers.go:325.2,339.4 9 0
github.com/ashparshp/bookings/internal/handlers/handlers.go:343.78,345.16 2 0
github.com/ashparshp/bookings/internal/handlers/handlers.go:345.16,348.3 2 0
github.com/ashparshp/bookings/internal/handlers/handlers.go:350.2,351.9 2 0
github.com/ashparshp/bookings/internal/handlers/handlers.go:351.9,354.3 2 0
github.com/ashparshp/bookings/internal/handlers/handlers.go:356.2,359.63 3 0
github.com/ashparshp/bookings/internal/handlers/handlers.go:363.76,365.16 2 0
github.com/ashparshp/bookings/internal/handlers/handlers.go:365.16,368.3 2 0
github.com/ashparshp/bookings/internal/handlers/handlers.go:370.2,375.16 5 0
github.com/ashparshp/bookings/internal/handlers/handlers.go:375.16,378.3 2 0
github.com/ashparshp/bookings/internal/handlers/handlers.go:380.2,381.16 2 0
github.com/ashparshp/bookings/internal/handlers/handlers.go:381.16,384.3 2 0
github.com/ashparshp/bookings/internal/handlers/handlers.go:386.2,392.16 6 0
github.com/ashparshp/bookings/internal/handlers/handlers.go:392.16,395.3 2 0
github.com/ashparshp/bookings/internal/handlers/handlers.go:396.2,399.63 3 0
