mode: set
github.com/ashparshp/bookings/internal/handlers/handlers.go:32.62,37.2 1 0
github.com/ashparshp/bookings/internal/handlers/handlers.go:40.51,45.2 1 1
github.com/ashparshp/bookings/internal/handlers/handlers.go:48.33,50.2 1 1
github.com/ashparshp/bookings/internal/handlers/handlers.go:53.72,55.2 1 1
github.com/ashparshp/bookings/internal/handlers/handlers.go:58.73,61.2 1 1
github.com/ashparshp/bookings/internal/handlers/handlers.go:64.79,66.9 2 1
github.com/ashparshp/bookings/internal/handlers/handlers.go:66.9,70.3 3 1
github.com/ashparshp/bookings/internal/handlers/handlers.go:72.2,73.16 2 1
github.com/ashparshp/bookings/internal/handlers/handlers.go:73.16,77.3 3 1
github.com/ashparshp/bookings/internal/handlers/handlers.go:79.2,97.4 10 1
github.com/ashparshp/bookings/internal/handlers/handlers.go:101.83,104.9 2 1
github.com/ashparshp/bookings/internal/handlers/handlers.go:104.9,108.3 3 1
github.com/ashparshp/bookings/internal/handlers/handlers.go:110.2,111.16 2 1
github.com/ashparshp/bookings/internal/handlers/handlers.go:111.16,115.3 3 0
github.com/ashparshp/bookings/internal/handlers/handlers.go:141.2,164.19 9 1
github.com/ashparshp/bookings/internal/handlers/handlers.go:164.19,172.3 4 1
github.com/ashparshp/bookings/internal/handlers/handlers.go:174.2,175.16 2 1
github.com/ashparshp/bookings/internal/handlers/handlers.go:175.16,179.3 3 0
github.com/ashparshp/bookings/internal/handlers/handlers.go:181.2,190.16 3 1
github.com/ashparshp/bookings/internal/handlers/handlers.go:190.16,194.3 3 0
github.com/ashparshp/bookings/internal/handlers/handlers.go:197.2,235.66 8 1
github.com/ashparshp/bookings/internal/handlers/handlers.go:239.76,241.2 1 1
github.com/ashparshp/bookings/internal/handlers/handlers.go:244.74,246.2 1 1
github.com/ashparshp/bookings/internal/handlers/handlers.go:249.80,251.2 1 1
github.com/ashparshp/bookings/internal/handlers/handlers.go:254.84,260.16 5 0
github.com/ashparshp/bookings/internal/handlers/handlers.go:260.16,263.3 2 0
github.com/ashparshp/bookings/internal/handlers/handlers.go:265.2,266.16 2 0
github.com/ashparshp/bookings/internal/handlers/handlers.go:266.16,269.3 2 0
github.com/ashparshp/bookings/internal/handlers/handlers.go:271.2,272.16 2 0
github.com/ashparshp/bookings/internal/handlers/handlers.go:272.16,275.3 2 0
github.com/ashparshp/bookings/internal/handlers/handlers.go:277.2,277.21 1 0
github.com/ashparshp/bookings/internal/handlers/handlers.go:277.21,281.3 3 0
github.com/ashparshp/bookings/internal/handlers/handlers.go:283.2,295.4 5 0
github.com/ashparshp/bookings/internal/handlers/handlers.go:307.79,313.16 5 0
github.com/ashparshp/bookings/internal/handlers/handlers.go:313.16,316.3 2 0
github.com/ashparshp/bookings/internal/handlers/handlers.go:317.2,318.16 2 0
github.com/ashparshp/bookings/internal/handlers/handlers.go:318.16,321.3 2 0
github.com/ashparshp/bookings/internal/handlers/handlers.go:323.2,324.16 2 0
github.com/ashparshp/bookings/internal/handlers/handlers.go:324.16,327.3 2 0
github.com/ashparshp/bookings/internal/handlers/handlers.go:329.2,330.16 2 0
github.com/ashparshp/bookings/internal/handlers/handlers.go:330.16,333.3 2 0
github.com/ashparshp/bookings/internal/handlers/handlers.go:335.2,344.16 3 0
github.com/ashparshp/bookings/internal/handlers/handlers.go:344.16,347.3 2 0
github.com/ashparshp/bookings/internal/handlers/handlers.go:349.2,350.14 2 0
github.com/ashparshp/bookings/internal/handlers/handlers.go:354.75,356.2 1 1
github.com/ashparshp/bookings/internal/handlers/handlers.go:359.86,361.9 2 1
github.com/ashparshp/bookings/internal/handlers/handlers.go:361.9,366.3 4 1
github.com/ashparshp/bookings/internal/handlers/handlers.go:368.2,382.4 9 1
github.com/ashparshp/bookings/internal/handlers/handlers.go:386.78,388.16 2 0
github.com/ashparshp/bookings/internal/handlers/handlers.go:388.16,391.3 2 0
github.com/ashparshp/bookings/internal/handlers/handlers.go:393.2,394.9 2 0
github.com/ashparshp/bookings/internal/handlers/handlers.go:394.9,397.3 2 0
github.com/ashparshp/bookings/internal/handlers/handlers.go:399.2,402.63 3 0
github.com/ashparshp/bookings/internal/handlers/handlers.go:406.76,408.19 2 0
github.com/ashparshp/bookings/internal/handlers/handlers.go:408.19,411.6 2 0
github.com/ashparshp/bookings/internal/handlers/handlers.go:413.2,418.16 5 0
github.com/ashparshp/bookings/internal/handlers/handlers.go:418.16,421.3 2 0
github.com/ashparshp/bookings/internal/handlers/handlers.go:423.2,424.16 2 0
github.com/ashparshp/bookings/internal/handlers/handlers.go:424.16,427.3 2 0
github.com/ashparshp/bookings/internal/handlers/handlers.go:429.2,435.16 6 0
github.com/ashparshp/bookings/internal/handlers/handlers.go:435.16,438.3 2 0
github.com/ashparshp/bookings/internal/handlers/handlers.go:439.2,442.63 3 0
github.com/ashparshp/bookings/internal/handlers/handlers.go:446.73,450.2 1 0
github.com/ashparshp/bookings/internal/handlers/handlers.go:453.77,457.16 3 0
github.com/ashparshp/bookings/internal/handlers/handlers.go:457.16,461.3 3 0
github.com/ashparshp/bookings/internal/handlers/handlers.go:463.2,469.19 6 0
github.com/ashparshp/bookings/internal/handlers/handlers.go:469.19,474.3 2 0
github.com/ashparshp/bookings/internal/handlers/handlers.go:476.2,477.16 2 0
github.com/ashparshp/bookings/internal/handlers/handlers.go:477.16,481.3 3 0
github.com/ashparshp/bookings/internal/handlers/handlers.go:482.2,484.47 3 0
github.com/ashparshp/bookings/internal/handlers/handlers.go:488.74,493.2 4 0
github.com/ashparshp/bookings/internal/handlers/handlers.go:496.81,499.2 1 0
github.com/ashparshp/bookings/internal/handlers/handlers.go:502.86,504.16 2 0
github.com/ashparshp/bookings/internal/handlers/handlers.go:504.16,508.3 3 0
github.com/ashparshp/bookings/internal/handlers/handlers.go:509.2,513.4 3 0
github.com/ashparshp/bookings/internal/handlers/handlers.go:517.87,519.16 2 0
github.com/ashparshp/bookings/internal/handlers/handlers.go:519.16,523.3 3 0
github.com/ashparshp/bookings/internal/handlers/handlers.go:525.2,530.4 3 0
github.com/ashparshp/bookings/internal/handlers/handlers.go:534.87,538.16 3 0
github.com/ashparshp/bookings/internal/handlers/handlers.go:538.16,543.3 4 0
github.com/ashparshp/bookings/internal/handlers/handlers.go:545.2,550.16 5 0
github.com/ashparshp/bookings/internal/handlers/handlers.go:550.16,552.3 1 0
github.com/ashparshp/bookings/internal/handlers/handlers.go:553.2,554.17 2 0
github.com/ashparshp/bookings/internal/handlers/handlers.go:554.17,556.3 1 0
github.com/ashparshp/bookings/internal/handlers/handlers.go:558.2,559.16 2 0
github.com/ashparshp/bookings/internal/handlers/handlers.go:559.16,564.3 4 0
github.com/ashparshp/bookings/internal/handlers/handlers.go:566.2,566.22 1 0
github.com/ashparshp/bookings/internal/handlers/handlers.go:566.22,571.3 4 0
github.com/ashparshp/bookings/internal/handlers/handlers.go:573.2,580.4 3 0
github.com/ashparshp/bookings/internal/handlers/handlers.go:584.91,586.16 2 0
github.com/ashparshp/bookings/internal/handlers/handlers.go:586.16,589.3 2 0
github.com/ashparshp/bookings/internal/handlers/handlers.go:591.2,594.16 3 0
github.com/ashparshp/bookings/internal/handlers/handlers.go:594.16,599.3 4 0
github.com/ashparshp/bookings/internal/handlers/handlers.go:601.2,606.16 5 0
github.com/ashparshp/bookings/internal/handlers/handlers.go:606.16,611.3 4 0
github.com/ashparshp/bookings/internal/handlers/handlers.go:613.2,619.16 6 0
github.com/ashparshp/bookings/internal/handlers/handlers.go:619.16,622.3 2 0
github.com/ashparshp/bookings/internal/handlers/handlers.go:624.2,629.16 4 0
github.com/ashparshp/bookings/internal/handlers/handlers.go:629.16,631.3 1 0
github.com/ashparshp/bookings/internal/handlers/handlers.go:631.8,633.3 1 0
github.com/ashparshp/bookings/internal/handlers/handlers.go:637.91,641.34 2 0
github.com/ashparshp/bookings/internal/handlers/handlers.go:641.34,643.17 2 0
github.com/ashparshp/bookings/internal/handlers/handlers.go:643.17,646.4 2 0
github.com/ashparshp/bookings/internal/handlers/handlers.go:648.3,649.17 2 0
github.com/ashparshp/bookings/internal/handlers/handlers.go:649.17,652.4 2 0
github.com/ashparshp/bookings/internal/handlers/handlers.go:654.3,654.68 1 0
github.com/ashparshp/bookings/internal/handlers/handlers.go:657.2,685.16 23 0
github.com/ashparshp/bookings/internal/handlers/handlers.go:685.16,688.3 2 0
github.com/ashparshp/bookings/internal/handlers/handlers.go:690.2,692.29 2 0
github.com/ashparshp/bookings/internal/handlers/handlers.go:692.29,696.72 3 0
github.com/ashparshp/bookings/internal/handlers/handlers.go:696.72,699.4 2 0
github.com/ashparshp/bookings/internal/handlers/handlers.go:701.3,702.17 2 0
github.com/ashparshp/bookings/internal/handlers/handlers.go:702.17,705.4 2 0
github.com/ashparshp/bookings/internal/handlers/handlers.go:707.3,707.44 1 0
github.com/ashparshp/bookings/internal/handlers/handlers.go:707.44,708.37 1 0
github.com/ashparshp/bookings/internal/handlers/handlers.go:708.37,709.91 1 0
github.com/ashparshp/bookings/internal/handlers/handlers.go:709.91,711.6 1 0
github.com/ashparshp/bookings/internal/handlers/handlers.go:712.10,714.5 1 0
github.com/ashparshp/bookings/internal/handlers/handlers.go:717.3,721.56 4 0
github.com/ashparshp/bookings/internal/handlers/handlers.go:724.2,728.4 1 0
github.com/ashparshp/bookings/internal/handlers/handlers.go:732.90,734.16 2 0
github.com/ashparshp/bookings/internal/handlers/handlers.go:734.16,739.3 4 0
github.com/ashparshp/bookings/internal/handlers/handlers.go:740.2,743.16 3 0
github.com/ashparshp/bookings/internal/handlers/handlers.go:743.16,748.3 4 0
github.com/ashparshp/bookings/internal/handlers/handlers.go:750.2,754.16 4 0
github.com/ashparshp/bookings/internal/handlers/handlers.go:754.16,756.3 1 0
github.com/ashparshp/bookings/internal/handlers/handlers.go:756.8,759.3 2 0
github.com/ashparshp/bookings/internal/handlers/handlers.go:764.89,766.16 2 0
github.com/ashparshp/bookings/internal/handlers/handlers.go:766.16,771.3 4 0
github.com/ashparshp/bookings/internal/handlers/handlers.go:772.2,775.16 3 0
github.com/ashparshp/bookings/internal/handlers/handlers.go:775.16,780.3 4 0
github.com/ashparshp/bookings/internal/handlers/handlers.go:782.2,786.16 4 0
github.com/ashparshp/bookings/internal/handlers/handlers.go:786.16,788.3 1 0
github.com/ashparshp/bookings/internal/handlers/handlers.go:788.8,791.3 2 0
github.com/ashparshp/bookings/internal/handlers/handlers.go:795.95,797.16 2 0
github.com/ashparshp/bookings/internal/handlers/handlers.go:797.16,800.3 2 0
github.com/ashparshp/bookings/internal/handlers/handlers.go:802.2,807.16 4 0
github.com/ashparshp/bookings/internal/handlers/handlers.go:807.16,810.3 2 0
github.com/ashparshp/bookings/internal/handlers/handlers.go:812.2,814.29 2 0
github.com/ashparshp/bookings/internal/handlers/handlers.go:814.29,816.35 2 0
github.com/ashparshp/bookings/internal/handlers/handlers.go:816.35,817.35 1 0
github.com/ashparshp/bookings/internal/handlers/handlers.go:817.35,818.16 1 0
github.com/ashparshp/bookings/internal/handlers/handlers.go:818.16,819.70 1 0
github.com/ashparshp/bookings/internal/handlers/handlers.go:819.70,822.21 2 0
github.com/ashparshp/bookings/internal/handlers/handlers.go:822.21,826.8 3 0
github.com/ashparshp/bookings/internal/handlers/handlers.go:834.2,834.34 1 0
github.com/ashparshp/bookings/internal/handlers/handlers.go:834.34,835.44 1 0
github.com/ashparshp/bookings/internal/handlers/handlers.go:835.44,839.18 3 0
github.com/ashparshp/bookings/internal/handlers/handlers.go:839.18,843.5 3 0
github.com/ashparshp/bookings/internal/handlers/handlers.go:845.4,848.18 4 0
github.com/ashparshp/bookings/internal/handlers/handlers.go:848.18,852.5 3 0
github.com/ashparshp/bookings/internal/handlers/handlers.go:854.4,855.18 2 0
github.com/ashparshp/bookings/internal/handlers/handlers.go:855.18,860.5 4 0
github.com/ashparshp/bookings/internal/handlers/handlers.go:864.2,865.110 2 0
